<?xml version="1.0" encoding="UTF-8"?>
<testng-results skipped="0" failed="0" total="1" passed="1">
  <reporter-output>
    <line>
      <![CDATA[Login Successful]]>
    </line>
    <line>
      <![CDATA[Logout Successful]]>
    </line>
    <line>
      <![CDATA[Login Successful]]>
    </line>
    <line>
      <![CDATA[Add Employee Failed]]>
    </line>
    <line>
      <![CDATA[Logout Successful]]>
    </line>
    <line>
      <![CDATA[Login Successful]]>
    </line>
    <line>
      <![CDATA[Employee Details Not found]]>
    </line>
    <line>
      <![CDATA[Logout Successful]]>
    </line>
  </reporter-output>
  <suite name="Default suite" duration-ms="76254" started-at="2020-06-04T09:42:43Z" finished-at="2020-06-04T09:44:00Z">
    <groups>
    </groups>
    <test name="Default test" duration-ms="76254" started-at="2020-06-04T09:42:43Z" finished-at="2020-06-04T09:44:00Z">
      <class name="DriverFactory.OrangeEmpDriver">
        <test-method status="PASS" signature="setup()[pri:0, instance:DriverFactory.OrangeEmpDriver@66d33a]" name="setup" is-config="true" duration-ms="20215" started-at="2020-06-04T15:12:43Z" finished-at="2020-06-04T15:13:03Z">
          <reporter-output>
          </reporter-output>
        </test-method> <!-- setup -->
        <test-method status="PASS" signature="ohrmtest()[pri:0, instance:DriverFactory.OrangeEmpDriver@66d33a]" name="ohrmtest" duration-ms="53861" started-at="2020-06-04T15:13:04Z" finished-at="2020-06-04T15:13:57Z">
          <reporter-output>
            <line>
              <![CDATA[Login Successful]]>
            </line>
            <line>
              <![CDATA[Logout Successful]]>
            </line>
            <line>
              <![CDATA[Login Successful]]>
            </line>
            <line>
              <![CDATA[Add Employee Failed]]>
            </line>
            <line>
              <![CDATA[Logout Successful]]>
            </line>
            <line>
              <![CDATA[Login Successful]]>
            </line>
            <line>
              <![CDATA[Employee Details Not found]]>
            </line>
            <line>
              <![CDATA[Logout Successful]]>
            </line>
          </reporter-output>
        </test-method> <!-- ohrmtest -->
        <test-method status="PASS" signature="teardown()[pri:0, instance:DriverFactory.OrangeEmpDriver@66d33a]" name="teardown" is-config="true" duration-ms="2126" started-at="2020-06-04T15:13:57Z" finished-at="2020-06-04T15:14:00Z">
          <reporter-output>
          </reporter-output>
        </test-method> <!-- teardown -->
      </class> <!-- DriverFactory.OrangeEmpDriver -->
    </test> <!-- Default test -->
  </suite> <!-- Default suite -->
</testng-results>
